# JRE version: Java(TM) SE Runtime Environment (8.0_333-b02) (build 1.8.0_333-b02)
# Java VM: Java HotSpot(TM) 64-Bit Server VM (25.333-b02 mixed mode windows-amd64 compressed oops)
Heap:
 PSYoungGen      total 373760K, used 323481K [0x000000076c000000, 0x0000000785780000, 0x00000007c0000000)
  eden space 347136K, 85% used [0x000000076c000000,0x000000077e1e7918,0x0000000781300000)
  from space 26624K, 99% used [0x0000000783280000,0x0000000784c7eb98,0x0000000784c80000)
  to   space 32256K, 0% used [0x0000000781300000,0x0000000781300000,0x0000000783280000)
 ParOldGen       total 248320K, used 38153K [0x00000006c4000000, 0x00000006d3280000, 0x000000076c000000)
  object space 248320K, 15% used [0x00000006c4000000,0x00000006c6542550,0x00000006d3280000)
 Metaspace       used 84257K, capacity 89492K, committed 89620K, reserved 1126400K
  class space    used 11404K, capacity 12291K, committed 12308K, reserved 1048576K
GC Heap History (10 events):
Event: 4.511 GC heap before
{Heap before GC invocations=13 (full 2):
 PSYoungGen      total 275456K, used 174166K [0x000000076c000000, 0x000000077e600000, 0x00000007c0000000)
  eden space 260096K, 61% used [0x000000076c000000,0x0000000775b17068,0x000000077be00000)
  from space 15360K, 99% used [0x000000077d080000,0x000000077df7e9e8,0x000000077df80000)
  to   space 18944K, 0% used [0x000000077be00000,0x000000077be00000,0x000000077d080000)
 ParOldGen       total 164864K, used 22474K [0x00000006c4000000, 0x00000006ce100000, 0x000000076c000000)
  object space 164864K, 13% used [0x00000006c4000000,0x00000006c55f2880,0x00000006ce100000)
 Metaspace       used 56468K, capacity 58870K, committed 59028K, reserved 1099776K
  class space    used 7595K, capacity 8047K, committed 8084K, reserved 1048576K
Event: 4.521 GC heap after
Heap after GC invocations=13 (full 2):
 PSYoungGen      total 279040K, used 18933K [0x000000076c000000, 0x0000000782300000, 0x00000007c0000000)
  eden space 260096K, 0% used [0x000000076c000000,0x000000076c000000,0x000000077be00000)
  from space 18944K, 99% used [0x000000077be00000,0x000000077d07d7f8,0x000000077d080000)
  to   space 23040K, 0% used [0x0000000780c80000,0x0000000780c80000,0x0000000782300000)
 ParOldGen       total 164864K, used 26311K [0x00000006c4000000, 0x00000006ce100000, 0x000000076c000000)
  object space 164864K, 15% used [0x00000006c4000000,0x00000006c59b1fa8,0x00000006ce100000)
 Metaspace       used 56468K, capacity 58870K, committed 59028K, reserved 1099776K
  class space    used 7595K, capacity 8047K, committed 8084K, reserved 1048576K
}
Event: 4.521 GC heap before
{Heap before GC invocations=14 (full 3):
 PSYoungGen      total 279040K, used 18933K [0x000000076c000000, 0x0000000782300000, 0x00000007c0000000)
  eden space 260096K, 0% used [0x000000076c000000,0x000000076c000000,0x000000077be00000)
  from space 18944K, 99% used [0x000000077be00000,0x000000077d07d7f8,0x000000077d080000)
  to   space 23040K, 0% used [0x0000000780c80000,0x0000000780c80000,0x0000000782300000)
 ParOldGen       total 164864K, used 26311K [0x00000006c4000000, 0x00000006ce100000, 0x000000076c000000)
  object space 164864K, 15% used [0x00000006c4000000,0x00000006c59b1fa8,0x00000006ce100000)
 Metaspace       used 56468K, capacity 58870K, committed 59028K, reserved 1099776K
  class space    used 7595K, capacity 8047K, committed 8084K, reserved 1048576K
Event: 4.616 GC heap after
Heap after GC invocations=14 (full 3):
 PSYoungGen      total 279040K, used 0K [0x000000076c000000, 0x0000000782300000, 0x00000007c0000000)
  eden space 260096K, 0% used [0x000000076c000000,0x000000076c000000,0x000000077be00000)
  from space 18944K, 0% used [0x000000077be00000,0x000000077be00000,0x000000077d080000)
  to   space 23040K, 0% used [0x0000000780c80000,0x0000000780c80000,0x0000000782300000)
 ParOldGen       total 248320K, used 32857K [0x00000006c4000000, 0x00000006d3280000, 0x000000076c000000)
  object space 248320K, 13% used [0x00000006c4000000,0x00000006c6016710,0x00000006d3280000)
 Metaspace       used 56468K, capacity 58870K, committed 59028K, reserved 1099776K
  class space    used 7595K, capacity 8047K, committed 8084K, reserved 1048576K
}
Event: 5.675 GC heap before
{Heap before GC invocations=15 (full 3):
 PSYoungGen      total 279040K, used 260096K [0x000000076c000000, 0x0000000782300000, 0x00000007c0000000)
  eden space 260096K, 100% used [0x000000076c000000,0x000000077be00000,0x000000077be00000)
  from space 18944K, 0% used [0x000000077be00000,0x000000077be00000,0x000000077d080000)
  to   space 23040K, 0% used [0x0000000780c80000,0x0000000780c80000,0x0000000782300000)
 ParOldGen       total 248320K, used 32857K [0x00000006c4000000, 0x00000006d3280000, 0x000000076c000000)
  object space 248320K, 13% used [0x00000006c4000000,0x00000006c6016710,0x00000006d3280000)
 Metaspace       used 68583K, capacity 71506K, committed 71572K, reserved 1112064K
  class space    used 9064K, capacity 9589K, committed 9620K, reserved 1048576K
Event: 5.682 GC heap after
Heap after GC invocations=15 (full 3):
 PSYoungGen      total 318976K, used 14796K [0x000000076c000000, 0x0000000781b00000, 0x00000007c0000000)
  eden space 304128K, 0% used [0x000000076c000000,0x000000076c000000,0x000000077e900000)
  from space 14848K, 99% used [0x0000000780c80000,0x0000000781af33a8,0x0000000781b00000)
  to   space 23552K, 0% used [0x000000077ed00000,0x000000077ed00000,0x0000000780400000)
 ParOldGen       total 248320K, used 32865K [0x00000006c4000000, 0x00000006d3280000, 0x000000076c000000)
  object space 248320K, 13% used [0x00000006c4000000,0x00000006c6018710,0x00000006d3280000)
 Metaspace       used 68583K, capacity 71506K, committed 71572K, reserved 1112064K
  class space    used 9064K, capacity 9589K, committed 9620K, reserved 1048576K
}
Event: 6.812 GC heap before
{Heap before GC invocations=16 (full 3):
 PSYoungGen      total 318976K, used 318924K [0x000000076c000000, 0x0000000781b00000, 0x00000007c0000000)
  eden space 304128K, 100% used [0x000000076c000000,0x000000077e900000,0x000000077e900000)
  from space 14848K, 99% used [0x0000000780c80000,0x0000000781af33a8,0x0000000781b00000)
  to   space 23552K, 0% used [0x000000077ed00000,0x000000077ed00000,0x0000000780400000)
 ParOldGen       total 248320K, used 32865K [0x00000006c4000000, 0x00000006d3280000, 0x000000076c000000)
  object space 248320K, 13% used [0x00000006c4000000,0x00000006c6018710,0x00000006d3280000)
 Metaspace       used 74218K, capacity 77922K, committed 78228K, reserved 1116160K
  class space    used 9865K, capacity 10559K, committed 10644K, reserved 1048576K
Event: 6.823 GC heap after
Heap after GC invocations=16 (full 3):
 PSYoungGen      total 331776K, used 22178K [0x000000076c000000, 0x0000000784c80000, 0x00000007c0000000)
  eden space 308224K, 0% used [0x000000076c000000,0x000000076c000000,0x000000077ed00000)
  from space 23552K, 94% used [0x000000077ed00000,0x00000007802a8838,0x0000000780400000)
  to   space 26624K, 0% used [0x0000000783280000,0x0000000783280000,0x0000000784c80000)
 ParOldGen       total 248320K, used 32873K [0x00000006c4000000, 0x00000006d3280000, 0x000000076c000000)
  object space 248320K, 13% used [0x00000006c4000000,0x00000006c601a710,0x00000006d3280000)
 Metaspace       used 74218K, capacity 77922K, committed 78228K, reserved 1116160K
  class space    used 9865K, capacity 10559K, committed 10644K, reserved 1048576K
}
Event: 9.033 GC heap before
{Heap before GC invocations=17 (full 3):
 PSYoungGen      total 331776K, used 330402K [0x000000076c000000, 0x0000000784c80000, 0x00000007c0000000)
  eden space 308224K, 100% used [0x000000076c000000,0x000000077ed00000,0x000000077ed00000)
  from space 23552K, 94% used [0x000000077ed00000,0x00000007802a8838,0x0000000780400000)
  to   space 26624K, 0% used [0x0000000783280000,0x0000000783280000,0x0000000784c80000)
 ParOldGen       total 248320K, used 32873K [0x00000006c4000000, 0x00000006d3280000, 0x000000076c000000)
  object space 248320K, 13% used [0x00000006c4000000,0x00000006c601a710,0x00000006d3280000)
 Metaspace       used 80659K, capacity 85266K, committed 85524K, reserved 1122304K
  class space    used 10928K, capacity 11727K, committed 11796K, reserved 1048576K
Event: 9.046 GC heap after
Heap after GC invocations=17 (full 3):
 PSYoungGen      total 373760K, used 26618K [0x000000076c000000, 0x0000000785780000, 0x00000007c0000000)
  eden space 347136K, 0% used [0x000000076c000000,0x000000076c000000,0x0000000781300000)
  from space 26624K, 99% used [0x0000000783280000,0x0000000784c7eb98,0x0000000784c80000)
  to   space 32256K, 0% used [0x0000000781300000,0x0000000781300000,0x0000000783280000)
 ParOldGen       total 248320K, used 38153K [0x00000006c4000000, 0x00000006d3280000, 0x000000076c000000)
  object space 248320K, 15% used [0x00000006c4000000,0x00000006c6542550,0x00000006d3280000)
 Metaspace       used 80659K, capacity 85266K, committed 85524K, reserved 1122304K
  class space    used 10928K, capacity 11727K, committed 11796K, reserved 1048576K
}

